<?xml version="1.0" encoding="UTF-8"?>
<testng-results ignored="0" total="2" passed="2" failed="0" skipped="0">
  <reporter-output>
  </reporter-output>
  <suite started-at="2022-05-19T15:28:40 IST" name="Default suite" finished-at="2022-05-19T15:29:23 IST" duration-ms="43670">
    <groups>
    </groups>
    <test started-at="2022-05-19T15:28:40 IST" name="Default test" finished-at="2022-05-19T15:29:23 IST" duration-ms="43670">
      <class name="autotesting.LoginRahulDP">
        <test-method signature="validateLoginPg(java.lang.String,java.lang.String)[pri:0, instance:autotesting.LoginRahulDP@6f46426d]" started-at="2022-05-19T15:28:40 IST" name="validateLoginPg" data-provider="getData" finished-at="2022-05-19T15:29:03 IST" duration-ms="22895" status="PASS">
          <params>
            <param index="0">
              <value>
                <![CDATA[Ullas@KarForest.com]]>
              </value>
            </param>
            <param index="1">
              <value>
                <![CDATA[Machi]]>
              </value>
            </param>
          </params>
          <reporter-output>
          </reporter-output>
        </test-method> <!-- validateLoginPg -->
        <test-method signature="validateLoginPg(java.lang.String,java.lang.String)[pri:0, instance:autotesting.LoginRahulDP@6f46426d]" started-at="2022-05-19T15:29:03 IST" name="validateLoginPg" data-provider="getData" finished-at="2022-05-19T15:29:23 IST" duration-ms="20701" status="PASS">
          <params>
            <param index="0">
              <value>
                <![CDATA[Vinay@Accenture.com]]>
              </value>
            </param>
            <param index="1">
              <value>
                <![CDATA[9620574180]]>
              </value>
            </param>
          </params>
          <reporter-output>
          </reporter-output>
        </test-method> <!-- validateLoginPg -->
      </class> <!-- autotesting.LoginRahulDP -->
    </test> <!-- Default test -->
  </suite> <!-- Default suite -->
</testng-results>
