<?xml version="1.0" encoding="UTF-8"?>
<testng-results ignored="0" total="2" passed="2" failed="0" skipped="0">
  <reporter-output>
  </reporter-output>
  <suite started-at="2022-05-21T10:37:35Z" name="Default suite" finished-at="2022-05-21T10:39:15Z" duration-ms="100360">
    <groups>
    </groups>
    <test started-at="2022-05-21T10:37:35Z" name="Default test" finished-at="2022-05-21T10:39:15Z" duration-ms="100360">
      <class name="automationTesting.LoginExcelData">
        <test-method signature="validateLoginPg(java.lang.String, java.lang.String)[pri:0, instance:automationTesting.LoginExcelData@2141a12]" started-at="2022-05-21T10:37:35Z" name="validateLoginPg" data-provider="getData" finished-at="2022-05-21T10:37:44Z" duration-ms="8888" status="PASS">
          <params>
            <param index="0">
              <value>
                <![CDATA[Ullas@KarForest.com]]>
              </value>
            </param>
            <param index="1">
              <value>
                <![CDATA[Machi]]>
              </value>
            </param>
          </params>
          <reporter-output>
          </reporter-output>
        </test-method> <!-- validateLoginPg -->
        <test-method is-config="true" signature="Quit()[pri:0, instance:automationTesting.LoginExcelData@2141a12]" started-at="2022-05-21T10:37:44Z" name="Quit" finished-at="2022-05-21T10:38:54Z" duration-ms="70700" status="PASS">
          <reporter-output>
          </reporter-output>
        </test-method> <!-- Quit -->
        <test-method signature="validateLoginPg(java.lang.String, java.lang.String)[pri:0, instance:automationTesting.LoginExcelData@2141a12]" started-at="2022-05-21T10:38:54Z" name="validateLoginPg" data-provider="getData" finished-at="2022-05-21T10:39:09Z" duration-ms="15023" status="PASS">
          <params>
            <param index="0">
              <value>
                <![CDATA[Vinay@Accenture.com]]>
              </value>
            </param>
            <param index="1">
              <value>
                <![CDATA[9620574180]]>
              </value>
            </param>
          </params>
          <reporter-output>
          </reporter-output>
        </test-method> <!-- validateLoginPg -->
        <test-method is-config="true" signature="Quit()[pri:0, instance:automationTesting.LoginExcelData@2141a12]" started-at="2022-05-21T10:39:09Z" name="Quit" finished-at="2022-05-21T10:39:15Z" duration-ms="5705" status="PASS">
          <reporter-output>
          </reporter-output>
        </test-method> <!-- Quit -->
      </class> <!-- automationTesting.LoginExcelData -->
    </test> <!-- Default test -->
  </suite> <!-- Default suite -->
</testng-results>
